<?xml version="1.0" encoding="UTF-8"?>
<!-- Generated by org.testng.reporters.JUnitXMLReporter -->
<testsuite hostname="DESKTOP-9FQ5FG2" ignored="0" name="Command line test" tests="2" failures="1" timestamp="03 Jun 2020 20:05:05 GMT" time="28.133" errors="0">
  <testcase name="TitleTextTest" time="0.101" classname="com.qa.Test.loginTest">
    <failure type="java.lang.AssertionError" message="expected [CRMPRO CRM Software for customer relationship management, sales and support.] but found [CRMPRO - CRM software for customer relationship management, sales, and support.]">
      <![CDATA[java.lang.AssertionError: expected [CRMPRO CRM Software for customer relationship management, sales and support.] but found [CRMPRO - CRM software for customer relationship management, sales, and support.]
	at com.qa.Test.loginTest.TitleTextTest(loginTest.java:40)
... Removed 40 stack frames]]>
    </failure>
  </testcase> <!-- TitleTextTest -->
  <testcase name="isDisplayedLogo" time="0.351" classname="com.qa.Test.loginTest"/>
</testsuite> <!-- Command line test -->
